[01-05-2024 15:32.56] Método:GET. Url: /api/autores
[01-05-2024 15:34.28] Método:PUT. Url: /api/autores/65445
[01-05-2024 15:37.41] Método:PUT. Url: /api/autores/65445
[02-05-2024 22:08.13] Método:GET. Url: /api/autores
[02-05-2024 22:09.24] Método:POST. Url: /api/autores
[02-05-2024 22:10.01] Método:POST. Url: /api/autores
[02-05-2024 22:15.52] Método:POST. Url: /api/autores
[02-05-2024 22:22.14] Método:GET. Url: /api/autores
[02-05-2024 22:25.21] Método:GET. Url: /api/autores
[02-05-2024 22:25.48] Método:POST. Url: /api/autores
[03-05-2024 08:02.05] Método:GET. Url: /api/autores
[03-05-2024 08:02.13] Método:GET. Url: /api/autores
[03-05-2024 08:02.44] Método:GET. Url: /api/autores?
[03-05-2024 08:04.06] Método:GET. Url: /api/autores?page=3&limit=15
[03-05-2024 08:04.16] Método:GET. Url: /api/autores?page=3&limit=15
[03-05-2024 08:04.16] Método:GET. Url: /api/autores?page=3&limit=15
[03-05-2024 08:04.46] Método:GET. Url: /api/autores?page=3&limit=15
[03-05-2024 08:05.53] Método:GET. Url: /api/autores?page=3&limit=15
[03-05-2024 08:06.58] Método:GET. Url: /api/autores?page=3&limit=15
[03-05-2024 08:07.09] Método:GET. Url: /api/autores
[04-05-2024 22:16.54] Método:GET. Url: /api/autores
[04-05-2024 22:19.37] Método:GET. Url: /api/autores
[04-05-2024 22:24.34] Método:GET. Url: /api/autores
[04-05-2024 22:30.04] Método:GET. Url: /api/autores
[04-05-2024 22:35.26] Método:GET. Url: /api/autores
[04-05-2024 22:45.24] Método:GET. Url: /api/autores
[04-05-2024 22:47.49] Método:GET. Url: /api/autores
[05-05-2024 07:40.56] Método:GET. Url: /api/autores
[05-05-2024 10:37.53] Método:GET. Url: /api/autor/1
[05-05-2024 10:38.02] Método:GET. Url: /api/autores/1
[05-05-2024 10:38.31] Método:GET. Url: /api/autores/1
[05-05-2024 10:40.43] Método:GET. Url: /api/autores/1
[05-05-2024 10:42.25] Método:GET. Url: /api/autor/1
[05-05-2024 10:42.27] Método:GET. Url: /api/autor/1
[05-05-2024 11:15.25] Método:GET. Url: /api/autor/1
[05-05-2024 11:15.42] Método:GET. Url: /api/autor/1
[05-05-2024 11:15.52] Método:GET. Url: /api/autores/1
[05-05-2024 11:17.02] Método:GET. Url: /api/autor/1
[05-05-2024 11:17.25] Método:GET. Url: /api/autor/1
[05-05-2024 11:19.07] Método:GET. Url: /api/autor/1
[05-05-2024 11:19.14] Método:GET. Url: /api/autores/1
[05-05-2024 19:31.12] Método:GET. Url: /api/autores
[05-05-2024 19:31.24] Método:GET. Url: /api/autores
[05-05-2024 19:31.39] Método:GET. Url: /api/autores
[05-05-2024 19:31.54] Método:GET. Url: /api/autor/1
[05-05-2024 19:31.58] Método:GET. Url: /api/autor/1
[05-05-2024 19:33.30] Método:GET. Url: /api/autores/1
[05-05-2024 19:33.47] Método:GET. Url: /api/autor/1
[05-05-2024 19:34.51] Método:GET. Url: /api/autor/1
[05-05-2024 19:35.13] Método:GET. Url: /api/autores/1
[05-05-2024 19:36.18] Método:GET. Url: /api/autor/1
[05-05-2024 19:38.00] Método:GET. Url: /api/autores
[05-05-2024 19:38.03] Método:GET. Url: /api/autor/1
[05-05-2024 19:38.34] Método:POST. Url: /api/autores
[05-05-2024 19:38.36] Método:GET. Url: /api/autor/1
[05-05-2024 19:39.53] Método:GET. Url: /api/autor/1
[05-05-2024 19:40.19] Método:GET. Url: /api/autor/1
[05-05-2024 19:40.31] Método:GET. Url: /api/autor/1
[05-05-2024 19:52.55] Método:GET. Url: /api/autor/10
[05-05-2024 19:53.32] Método:GET. Url: /api/autor/10
[05-05-2024 19:54.54] Método:GET. Url: /api/autores/10
[05-05-2024 19:56.38] Método:GET. Url: /api/autores/10
[05-05-2024 19:58.47] Método:GET. Url: /api/autores/15
[05-05-2024 20:00.25] Método:GET. Url: /api/autores/1
[05-05-2024 20:00.33] Método:GET. Url: /api/autores/15
[05-05-2024 20:01.07] Método:GET. Url: /api/autores/15
[05-05-2024 20:01.24] Método:GET. Url: /api/autores/0
[05-05-2024 20:01.30] Método:GET. Url: /api/autores/1
[05-05-2024 20:02.20] Método:GET. Url: /api/autores/1
[05-05-2024 20:02.27] Método:GET. Url: /api/autores/3
[05-05-2024 20:02.40] Método:GET. Url: /api/autores/4
[05-05-2024 20:02.48] Método:GET. Url: /api/autores/5
[05-05-2024 20:03.43] Método:GET. Url: /api/autores/1
[05-05-2024 20:04.49] Método:GET. Url: /api/autores/1
[05-05-2024 20:04.53] Método:GET. Url: /api/autores/1
[05-05-2024 20:05.14] Método:GET. Url: /api/autores/1
[05-05-2024 20:05.48] Método:GET. Url: /api/autores/1
[05-05-2024 20:05.51] Método:GET. Url: /api/autores/1
[05-05-2024 20:18.42] Método:GET. Url: /api/autores/1
[05-05-2024 20:19.16] Método:GET. Url: /api/autores/10
[05-05-2024 20:19.28] Método:GET. Url: /api/autores/14
[05-05-2024 22:31.33] Método:GET. Url: /api/autores
[05-05-2024 23:03.05] Método:POST. Url: /api/autores
[05-05-2024 23:16.00] Método:POST. Url: /api/autores
[05-05-2024 23:16.22] Método:POST. Url: /api/autores
[05-05-2024 23:17.33] Método:POST. Url: /api/autores
[06-05-2024 22:25.48] Método:POST. Url: /api/autores
[06-05-2024 22:26.52] Método:POST. Url: /api/autores
[06-05-2024 22:27.55] Método:POST. Url: /api/autores
[07-05-2024 20:13.08] Método:PUT. Url: /api/autores/13
[07-05-2024 20:13.43] Método:PUT. Url: /api/autores/13
[07-05-2024 20:15.05] Método:PUT. Url: /api/autores/13
[07-05-2024 20:15.50] Método:PUT. Url: /api/autores/13
[07-05-2024 20:21.41] Método:PUT. Url: /api/autores/13
[07-05-2024 22:40.11] Método:DELETE. Url: /api/autores/19
[07-05-2024 22:40.47] Método:DELETE. Url: /api/autores/19
[07-05-2024 22:42.25] Método:DELETE. Url: /api/autores/19
[07-05-2024 22:42.52] Método:DELETE. Url: /api/autores/13
[07-05-2024 22:43.51] Método:DELETE. Url: /api/autores/19
[07-05-2024 22:44.46] Método:DELETE. Url: /api/autores/19
[07-05-2024 22:54.07] Método:DELETE. Url: /api/autores/19
[07-05-2024 22:54.25] Método:DELETE. Url: /api/autores/13
[07-05-2024 22:54.46] Método:PUT. Url: /api/autores/13
[07-05-2024 22:55.04] Método:POST. Url: /api/autores
[07-05-2024 22:55.13] Método:PUT. Url: /api/autores/20
[07-05-2024 22:55.30] Método:DELETE. Url: /api/autores/20
[07-05-2024 22:56.32] Método:POST. Url: /api/autores
[07-05-2024 22:56.36] Método:PUT. Url: /api/autores/21
[07-05-2024 22:56.43] Método:DELETE. Url: /api/autores/21
[07-05-2024 22:57.52] Método:DELETE. Url: /api/autores/21
[07-05-2024 22:57.56] Método:DELETE. Url: /api/autores/21
[07-05-2024 22:58.04] Método:POST. Url: /api/autores
[07-05-2024 22:58.12] Método:PUT. Url: /api/autores/21
[07-05-2024 22:58.16] Método:PUT. Url: /api/autores/22
[07-05-2024 22:59.41] Método:DELETE. Url: /api/autores/22
[10-05-2024 11:11.53] Método:POST. Url: /api/usuarios/registro
[10-05-2024 11:13.05] Método:POST. Url: /api/usuarios/registro
[10-05-2024 11:14.44] Método:POST. Url: /api/usuarios/registro
[10-05-2024 11:14.50] Método:POST. Url: /api/usuarios/registro
[10-05-2024 11:17.20] Método:POST. Url: /api/usuarios/registro
[10-05-2024 11:19.54] Método:POST. Url: /api/usuarios/registro
[10-05-2024 11:25.22] Método:POST. Url: /api/usuarios/registro
[10-05-2024 11:26.49] Método:POST. Url: /api/usuarios/login
[10-05-2024 11:29.45] Método:POST. Url: /api/usuarios/registro
[10-05-2024 11:30.28] Método:POST. Url: /api/usuarios/registro
[10-05-2024 11:36.17] Método:POST. Url: /api/usuarios/registro
[10-05-2024 11:44.49] Método:POST. Url: /api/usuarios/registro
[10-05-2024 11:49.53] Método:POST. Url: /api/usuarios/registro
[10-05-2024 11:52.48] Método:POST. Url: /api/autores
[10-05-2024 11:53.08] Método:PUT. Url: /api/autores/23
[10-05-2024 11:54.02] Método:POST. Url: /api/usuarios/registro
[10-05-2024 11:58.23] Método:POST. Url: /api/usuarios/registro
[10-05-2024 12:00.18] Método:POST. Url: /api/usuarios/registro
[10-05-2024 12:00.45] Método:POST. Url: /api/usuarios/login
[10-05-2024 12:00.53] Método:POST. Url: /api/usuarios/registro
[10-05-2024 12:02.38] Método:POST. Url: /api/usuarios/registro
[10-05-2024 12:04.44] Método:POST. Url: /api/usuarios/registro
[10-05-2024 12:06.35] Método:POST. Url: /api/usuarios/registro
[10-05-2024 12:09.10] Método:POST. Url: /api/usuarios/registro
[10-05-2024 12:10.37] Método:POST. Url: /api/usuarios/registro
[10-05-2024 12:11.14] Método:POST. Url: /api/usuarios/registro
[10-05-2024 12:13.48] Método:POST. Url: /api/usuarios/login
[10-05-2024 12:13.48] Método:POST. Url: /api/usuarios/login
[10-05-2024 12:13.48] Método:POST. Url: /api/usuarios/registro
[10-05-2024 12:13.48] Método:POST. Url: /api/usuarios/registro
[10-05-2024 12:13.48] Método:POST. Url: /api/usuarios/registro
[10-05-2024 12:16.33] Método:DELETE. Url: /api/autores/23
[10-05-2024 12:16.40] Método:POST. Url: /api/usuarios/registro
[10-05-2024 13:16.39] Método:POST. Url: /api/usuarios/login
[10-05-2024 13:16.40] Método:POST. Url: /api/usuarios/login
[10-05-2024 13:16.43] Método:POST. Url: /api/usuarios/login
[10-05-2024 13:17.14] Método:POST. Url: /api/usuarios/login
[10-05-2024 13:17.36] Método:POST. Url: /api/usuarios/login
[11-05-2024 10:01.57] Método:POST. Url: /api/usuarios/login
[11-05-2024 10:02.11] Método:POST. Url: /api/usuarios/login
[11-05-2024 10:02.17] Método:POST. Url: /api/usuarios/login
[11-05-2024 11:11.40] Método:POST. Url: /api/usuarios/login
[11-05-2024 11:45.42] Método:POST. Url: /api/usuarios/login
[11-05-2024 11:45.43] Método:POST. Url: /api/usuarios/login
[11-05-2024 11:45.44] Método:POST. Url: /api/usuarios/login
[11-05-2024 14:26.00] Método:GET. Url: /api/autores
[11-05-2024 14:34.26] Método:GET. Url: /api/autores
[11-05-2024 15:15.10] Método:GET. Url: /api/autores
[11-05-2024 15:15.21] Método:POST. Url: /api/usuarios/login
[11-05-2024 15:16.46] Método:GET. Url: /api/autores
[11-05-2024 15:17.30] Método:GET. Url: /api/autores
[11-05-2024 15:18.59] Método:GET. Url: /api/autores/14
[11-05-2024 15:19.01] Método:GET. Url: /api/autores
[11-05-2024 15:19.02] Método:GET. Url: /api/autores
[11-05-2024 15:19.15] Método:GET. Url: /api/autores
[11-05-2024 15:19.20] Método:POST. Url: /api/usuarios/login
[11-05-2024 15:19.40] Método:GET. Url: /api/autores
[11-05-2024 15:23.24] Método:GET. Url: /api/autores
[11-05-2024 15:23.35] Método:GET. Url: /api/autores
[11-05-2024 15:23.37] Método:GET. Url: /api/autores/14
[11-05-2024 15:23.37] Método:GET. Url: /api/autores/14
[11-05-2024 15:25.39] Método:GET. Url: /api/autores
[11-05-2024 15:25.44] Método:POST. Url: /api/usuarios/login
[11-05-2024 15:25.57] Método:GET. Url: /api/autores
[11-05-2024 15:26.14] Método:GET. Url: /api/autores
[11-05-2024 15:28.04] Método:GET. Url: /api/autores
[11-05-2024 15:28.40] Método:GET. Url: /api/autores
[11-05-2024 15:32.55] Método:POST. Url: /api/usuarios/login
[11-05-2024 15:33.47] Método:GET. Url: /api/autores
[11-05-2024 15:48.38] Método:GET. Url: /api/usuarios/perfil
[11-05-2024 15:48.59] Método:GET. Url: /api/usuarios/perfil
[11-05-2024 15:49.05] Método:GET. Url: /api/usuarios/perfil
[12-05-2024 14:36.48] Método:GET. Url: /api/autores/14
[12-05-2024 14:36.51] Método:GET. Url: /api/autores
[12-05-2024 14:37.11] Método:PUT. Url: /api/autores/23
[12-05-2024 14:37.15] Método:DELETE. Url: /api/autores/23
[12-05-2024 14:37.17] Método:POST. Url: /api/usuarios/login
[12-05-2024 14:51.08] Método:POST. Url: /api/autores
[12-05-2024 14:52.30] Método:POST. Url: /api/autores
[12-05-2024 14:52.39] Método:POST. Url: /api/autores
[12-05-2024 14:52.40] Método:POST. Url: /api/autores
[12-05-2024 14:52.40] Método:POST. Url: /api/autores
[12-05-2024 14:52.53] Método:POST. Url: /api/autores
[12-05-2024 22:09.45] Método:GET. Url: /api/autores/14
[12-05-2024 22:10.02] Método:GET. Url: /api/autores/14
[12-05-2024 22:10.39] Método:GET. Url: /api/autores/14
[12-05-2024 22:11.12] Método:GET. Url: /api/autores/12
[22-05-2024 20:01.57] Método:GET. Url: /api/autores/12
[22-05-2024 20:01.59] Método:GET. Url: /api/autores/12
[22-05-2024 20:02.02] Método:POST. Url: /api/autores
[22-05-2024 20:02.10] Método:POST. Url: /api/autores
[22-05-2024 20:02.11] Método:GET. Url: /api/autores/12
[22-05-2024 20:02.13] Método:GET. Url: /api/autores
[22-05-2024 20:02.17] Método:PUT. Url: /api/autores/23
[22-05-2024 20:02.20] Método:PUT. Url: /api/autores/23
[22-05-2024 20:02.27] Método:POST. Url: /api/usuarios/registro
[22-05-2024 20:02.34] Método:POST. Url: /api/usuarios/login
[22-05-2024 20:02.59] Método:GET. Url: /api/usuarios/perfil
[25-05-2024 21:34.09] Método:GET. Url: /api/autores
[25-05-2024 21:34.46] Método:GET. Url: /api/autores
[25-05-2024 21:34.49] Método:GET. Url: /api/autores
[25-05-2024 21:34.57] Método:POST. Url: /api/autores
[25-05-2024 21:35.03] Método:POST. Url: /api/autores
[25-05-2024 21:38.00] Método:GET. Url: /api/autores
[25-05-2024 21:38.35] Método:GET. Url: /api/autores
[25-05-2024 21:38.49] Método:GET. Url: /api/autores
[25-05-2024 21:39.16] Método:GET. Url: /api/autores/12
[25-05-2024 21:40.53] Método:GET. Url: /api/autores
[25-05-2024 21:41.24] Método:GET. Url: /api/autores/12
[25-05-2024 21:41.25] Método:POST. Url: /api/autores
[25-05-2024 21:41.29] Método:PUT. Url: /api/autores/23
[25-05-2024 21:42.04] Método:GET. Url: /api/autores
[25-05-2024 21:42.26] Método:GET. Url: /api/autores
[25-05-2024 21:43.35] Método:GET. Url: /api/autores/12
[25-05-2024 21:43.38] Método:POST. Url: /api/autores
[25-05-2024 21:43.46] Método:POST. Url: /api/autores
[25-05-2024 21:43.53] Método:PUT. Url: /api/autores/23
[25-05-2024 21:43.54] Método:PUT. Url: /api/autores/23
[25-05-2024 21:43.55] Método:PUT. Url: /api/autores/23
[25-05-2024 21:44.23] Método:DELETE. Url: /api/autores/24
[25-05-2024 21:46.06] Método:POST. Url: /api/autores
[25-05-2024 21:48.29] Método:POST. Url: /api/autores
[25-05-2024 21:48.58] Método:POST. Url: /api/autores
[25-05-2024 21:49.16] Método:POST. Url: /api/autor
[25-05-2024 21:49.49] Método:POST. Url: /api/
[25-05-2024 21:49.58] Método:POST. Url: /api/autores
[25-05-2024 21:50.25] Método:POST. Url: /api/autores
[25-05-2024 21:50.50] Método:POST. Url: /api/autores
[25-05-2024 21:51.57] Método:PUT. Url: /api/autores/24
[25-05-2024 21:52.21] Método:DELETE. Url: /api/autores/24
[25-05-2024 21:52.39] Método:POST. Url: /api/autores
[25-05-2024 21:52.59] Método:POST. Url: /api/autores
[25-05-2024 21:53.08] Método:GET. Url: /api/autores/25
[25-05-2024 21:53.16] Método:GET. Url: /api/autores/10
[25-05-2024 21:53.21] Método:POST. Url: /api/autores
[25-05-2024 21:54.04] Método:POST. Url: /api/autores
[25-05-2024 21:56.57] Método:GET. Url: /api/autores/10
[25-05-2024 21:56.59] Método:GET. Url: /api/autores
[25-05-2024 21:57.16] Método:POST. Url: /api/autores
[25-05-2024 21:59.02] Método:POST. Url: /api/autores
[25-05-2024 22:00.37] Método:POST. Url: /api/autores
[25-05-2024 22:01.15] Método:PUT. Url: /api/autores/31
[25-05-2024 22:02.26] Método:POST. Url: /api/autores
[25-05-2024 22:02.45] Método:PUT. Url: /api/autores/31
[25-05-2024 22:20.47] Método:GET. Url: /api/posts
[25-05-2024 22:20.58] Método:GET. Url: /api/posts
[25-05-2024 22:22.42] Método:POST. Url: /api/posts
[25-05-2024 22:22.48] Método:GET. Url: /api/posts
[25-05-2024 22:23.25] Método:POST. Url: /api/posts
[25-05-2024 22:23.32] Método:GET. Url: /api/posts
[25-05-2024 22:26.16] Método:GET. Url: /api/posts/10
[25-05-2024 22:26.18] Método:GET. Url: /api/posts/10
[25-05-2024 22:26.18] Método:GET. Url: /api/posts/10
[25-05-2024 22:28.16] Método:GET. Url: /api/posts
[25-05-2024 22:28.56] Método:GET. Url: /api/autores
[25-05-2024 22:30.16] Método:GET. Url: /api/posts
[25-05-2024 22:34.34] Método:GET. Url: /api/autores
[25-05-2024 22:35.05] Método:GET. Url: /api/posts
[25-05-2024 22:35.34] Método:GET. Url: /api/autores
[25-05-2024 22:35.50] Método:GET. Url: /api/autores/10
[25-05-2024 23:21.32] Método:GET. Url: /api/autores
[25-05-2024 23:21.47] Método:GET. Url: /api/autores/10
[25-05-2024 23:22.07] Método:GET. Url: /api/posts
[25-05-2024 23:23.14] Método:GET. Url: /api/posts/10
[25-05-2024 23:24.09] Método:GET. Url: /api/autores/10
[25-05-2024 23:25.21] Método:GET. Url: /api/posts
[25-05-2024 23:25.41] Método:GET. Url: /api/posts
[25-05-2024 23:28.10] Método:GET. Url: /api/posts
[25-05-2024 23:33.25] Método:GET. Url: /api/posts
[25-05-2024 23:41.32] Método:GET. Url: /api/autores
[25-05-2024 23:43.38] Método:GET. Url: /api/posts
[25-05-2024 23:45.16] Método:GET. Url: /api/posts
[25-05-2024 23:47.06] Método:GET. Url: /api/posts
[25-05-2024 23:47.59] Método:GET. Url: /api/posts
[25-05-2024 23:49.03] Método:GET. Url: /api/posts
[25-05-2024 23:51.02] Método:GET. Url: /api/posts
[26-05-2024 14:58.26] Método:GET. Url: /api/posts
[26-05-2024 15:01.05] Método:GET. Url: /api/posts
[26-05-2024 15:01.16] Método:GET. Url: /api/posts/10
[26-05-2024 15:10.57] Método:GET. Url: /api/posts/10
[26-05-2024 15:11.57] Método:GET. Url: /api/posts/1
[26-05-2024 15:13.02] Método:GET. Url: /api/posts/120
[26-05-2024 15:13.10] Método:GET. Url: /api/posts/12
[26-05-2024 15:13.44] Método:GET. Url: /api/posts/12
[26-05-2024 15:13.53] Método:GET. Url: /api/posts/12
[26-05-2024 15:13.57] Método:GET. Url: /api/posts/1
[26-05-2024 15:29.55] Método:GET. Url: /api/posts/1
[26-05-2024 15:31.04] Método:PUT. Url: /api/posts/31
[26-05-2024 15:34.46] Método:POST. Url: /api/posts
[26-05-2024 15:34.51] Método:POST. Url: /api/posts
[26-05-2024 15:36.11] Método:POST. Url: /api/posts
[26-05-2024 15:37.51] Método:POST. Url: /api/posts
[26-05-2024 15:40.35] Método:POST. Url: /api/posts
[26-05-2024 15:41.26] Método:POST. Url: /api/posts
[26-05-2024 15:42.59] Método:POST. Url: /api/posts
[26-05-2024 15:43.07] Método:POST. Url: /api/posts
[26-05-2024 15:44.00] Método:POST. Url: /api/posts
[26-05-2024 15:47.30] Método:PUT. Url: /api/posts/45
[26-05-2024 15:49.23] Método:PUT. Url: /api/posts/45
[26-05-2024 15:50.13] Método:PUT. Url: /api/posts/45
[26-05-2024 15:51.05] Método:PUT. Url: /api/posts/45
[26-05-2024 15:53.14] Método:PUT. Url: /api/posts/45
[26-05-2024 15:57.32] Método:PUT. Url: /api/posts/45
[26-05-2024 16:04.51] Método:PUT. Url: /api/posts/45
[26-05-2024 16:05.31] Método:DELETE. Url: /api/posts/45
[26-05-2024 16:06.12] Método:DELETE. Url: /api/posts/45
[26-05-2024 16:08.14] Método:DELETE. Url: /api/posts/45
[26-05-2024 16:08.36] Método:POST. Url: /api/posts
[26-05-2024 16:11.28] Método:PUT. Url: /api/autores/46
[26-05-2024 16:12.08] Método:PUT. Url: /api/posts/46
[26-05-2024 22:02.29] Método:PUT. Url: /api/posts/46
[26-05-2024 22:05.42] Método:PUT. Url: /api/posts/46
[26-05-2024 22:06.04] Método:PUT. Url: /api/posts/46
[26-05-2024 22:13.36] Método:PUT. Url: /api/posts/46
[26-05-2024 22:18.47] Método:PUT. Url: /api/posts/46
[26-05-2024 22:19.13] Método:PUT. Url: /api/posts/48
[26-05-2024 22:21.10] Método:PUT. Url: /api/posts/46
[26-05-2024 22:23.39] Método:PUT. Url: /api/posts/46
[26-05-2024 22:23.45] Método:PUT. Url: /api/posts/49
[26-05-2024 22:24.45] Método:PUT. Url: /api/posts/46
[26-05-2024 22:24.46] Método:PUT. Url: /api/posts/46
[26-05-2024 22:25.09] Método:PUT. Url: /api/posts/46
[26-05-2024 22:25.14] Método:PUT. Url: /api/posts/48
[26-05-2024 22:43.58] Método:GET. Url: /api/autores/10/posts
[26-05-2024 22:47.07] Método:GET. Url: /api/autores/10/posts
[26-05-2024 22:48.30] Método:GET. Url: /api/autores/10/posts
[26-05-2024 22:49.32] Método:GET. Url: /api/autores/10/posts
[26-05-2024 22:53.20] Método:GET. Url: /api/autores/10/posts
[26-05-2024 22:55.46] Método:GET. Url: /api/autores/10/posts
[26-05-2024 22:56.01] Método:GET. Url: /api/autores/10/posts
[26-05-2024 22:56.19] Método:GET. Url: /api/autores/10/
[26-05-2024 22:57.13] Método:GET. Url: /api/autores/10/posts
[26-05-2024 22:57.13] Método:GET. Url: /api/autores/10/posts
[26-05-2024 22:57.15] Método:GET. Url: /api/autores/10
[26-05-2024 22:57.31] Método:GET. Url: /api/autores/10/posts
[26-05-2024 23:02.03] Método:GET. Url: /api/autores/10/posts
[26-05-2024 23:04.37] Método:GET. Url: /api/autores/10/posts
[26-05-2024 23:05.50] Método:GET. Url: /api/autores/10/posts
[26-05-2024 23:07.32] Método:GET. Url: /api/autores/10/posts
[26-05-2024 23:08.02] Método:GET. Url: /api/autores/10/posts
[26-05-2024 23:11.39] Método:GET. Url: /api/autores/10/posts
[26-05-2024 23:13.49] Método:GET. Url: /api/autores/10/posts
[26-05-2024 23:14.24] Método:GET. Url: /api/autores/10
[26-05-2024 23:16.11] Método:GET. Url: /api/autores/10/posts
[26-05-2024 23:18.45] Método:GET. Url: /api/autores/10
[26-05-2024 23:18.47] Método:GET. Url: /api/autores/10/posts
[26-05-2024 23:20.45] Método:GET. Url: /api/autores/10/posts
[26-05-2024 23:21.16] Método:GET. Url: /api/autores/10/posts
[26-05-2024 23:21.38] Método:GET. Url: /api/autores/10/posts
[27-05-2024 18:24.03] Método:GET. Url: /api/autores/10/posts
[27-05-2024 18:24.08] Método:GET. Url: /api/autores/10
[27-05-2024 18:24.10] Método:GET. Url: /api/autores/10/posts
[27-05-2024 18:24.45] Método:GET. Url: /api/autores/10/posts
[27-05-2024 18:25.05] Método:GET. Url: /api/autores/1/posts
[27-05-2024 18:25.33] Método:GET. Url: /api/autores/8/posts
[27-05-2024 18:26.15] Método:GET. Url: /api/autores/20/posts
[27-05-2024 18:26.30] Método:GET. Url: /api/autores/20/posts
[27-05-2024 18:26.37] Método:GET. Url: /api/autores/10/posts
[27-05-2024 18:28.31] Método:GET. Url: /api/autores/9/posts
[27-05-2024 18:29.20] Método:GET. Url: /api/autores/12/posts
[27-05-2024 18:29.27] Método:GET. Url: /api/autores/22/posts
[27-05-2024 18:30.26] Método:GET. Url: /api/autores/22/posts
[27-05-2024 18:30.32] Método:GET. Url: /api/autores/2/posts
[27-05-2024 18:31.27] Método:GET. Url: /api/autores/10/posts
[27-05-2024 18:32.14] Método:GET. Url: /api/autores/10/posts
[27-05-2024 18:32.15] Método:GET. Url: /api/autores/10/posts
[27-05-2024 18:32.15] Método:GET. Url: /api/autores/10/posts
[27-05-2024 18:32.58] Método:GET. Url: /api/autores/10/posts
[27-05-2024 18:35.08] Método:GET. Url: /api/autores/10/posts
[27-05-2024 18:35.52] Método:GET. Url: /api/autores/10/posts
[27-05-2024 18:36.24] Método:GET. Url: /api/autores/10/posts
[27-05-2024 18:42.05] Método:GET. Url: /api/autores/10/posts
[27-05-2024 18:42.39] Método:GET. Url: /api/autores/10/posts
[27-05-2024 18:45.06] Método:GET. Url: /api/autores/10/posts
[27-05-2024 18:45.29] Método:GET. Url: /api/autores/10/posts
[27-05-2024 18:46.10] Método:GET. Url: /api/autores/10/posts
[27-05-2024 18:46.52] Método:GET. Url: /api/autores/10/posts
[27-05-2024 18:47.58] Método:GET. Url: /api/autores/20/posts
[27-05-2024 18:48.18] Método:GET. Url: /api/autores/31/posts
[27-05-2024 18:48.19] Método:GET. Url: /api/autores/31/posts
[27-05-2024 18:49.27] Método:GET. Url: /api/autores/50/posts
[27-05-2024 18:51.18] Método:GET. Url: /api/autores/50/posts
[27-05-2024 18:51.24] Método:GET. Url: /api/autores/21/posts
[27-05-2024 18:51.26] Método:GET. Url: /api/autores/21/posts
[27-05-2024 18:51.34] Método:GET. Url: /api/autores/31/posts
[27-05-2024 18:52.40] Método:DELETE. Url: /api/autores/32
[27-05-2024 18:52.57] Método:DELETE. Url: /api/autores/31
[27-05-2024 18:52.58] Método:DELETE. Url: /api/autores/31
[27-05-2024 18:59.35] Método:GET. Url: /api/autores/10/posts
[27-05-2024 18:59.36] Método:GET. Url: /api/autores/10/posts
[27-05-2024 18:59.47] Método:GET. Url: /api/autores/10/posts
[27-05-2024 18:59.48] Método:GET. Url: /api/autores/10
[27-05-2024 18:59.49] Método:GET. Url: /api/autores/10/posts
